14 19
42 27
43 44
45 46
47 48
49 50
51 58
59 64
65 66
76 77
118 36
121 79
123 125
41 28
126 127
54 132
149 15
100 5
12 70
150 152
113 154
159 80
164 165
158 139
167 3
168 169
62 171
98 173
174 67
22 180
183 124
184 1
185 186
147 143
182 187
56 191
99 192
193 194
17 199
200 201
207 178
219 25
226 29
217 227
119 228
233 172
131 234
100 81
60 190
148 142
166 235
236 237
138 241
23 247
104 249
250 252
253 254
4 255
13 69
256 16
11 71
257 259
116 38
20 261
100 6
206 179
61 189
63 170
10 262
75 263
264 265
115 55
122 266
120 108
270 57
34 274
275 276
278 52
279 280
248 281
251 260
117 37
282 258
103 283
284 136
40 30
198 18
285 286
277 53
100 83
181 287
114 153
40 30
288 151
218 26
289 133
146 290
291 24
145 292
197 293
61
1 3 4 5 6 7 8 9 10 13 15 16 19 20 21 23 26 27 28 30 33 35 36 37 38 39 40 44 45 47 49 51 52 53 54 55 56 57 58 59 61 62 64 67 68 69 70 71 73 76 77 79 80 81 84 88 91 92 97 99 100 
