1
1
1
1
1
1
1
1
1
1
1
1
1
1
1
1
1
1
1
1
1
1
1
1
1
1
1
1
1
1
1
1
1
1
1
1
1
1
1
1
pmb
pmc
pmd
pme
pmf
pmg
pmh
pmi
pmj
pmk
pml
pmm
pmn
pmo
pmp
pmq
pmr
pms
pmt
pmu
pmv
pmw
pmx
pmy
pmz
pmab
pmbb
pmcb
pmdb
pmeb
pmfb
pmgb
pmhb
pmib
pmjb
pmkb
pmlb
pmmb
pmnb
pmob
1
1
1
1
1
1
1
1
1
1
pmb
1
2
0.5
0
2
0
1
pmc
4
0.5
1
0
0.5
4
1
pmd
1
0.5
1
0
0.5
2
2
pme
1
0.25
0.5
4
1
0
1
pmf
1
0.25
0.25
0.5
0.5
4
2
pmg
1
2
1
0
1
1
1
pmh
0.5
0.5
1
4
0.5
0
1
pmi
1
0.5
0.5
0
1
0
2
pmj
2
0.25
0.5
0
1
2
2
pmk
0.5
0.25
2
0
1
1
2
pml
0.5
0.5
0.5
1
2
1
1
pmm
2
1
0.5
0
2
1
1
pmn
0.25
1
1
1
1
1
1
pmo
0.25
1
0.25
0.25
1
1
2
pmp
4
0.5
0.5
0
1
0
1
pmq
4
0.5
1
0
0.5
4
1
pmr
1
0.5
1
0
0.5
2
2
pms
0.25
1
0.5
2
2
0
1
pmt
1
0.25
0.125
1
1
0
2
pmu
1
2
1
0
1
1
1
pmv
0.5
0.5
1
4
0.5
0
1
pmw
0.5
0.5
0.25
1
0.5
0
2
pmx
2
0.25
0.5
0
1
2
2
pmy
0.5
0.25
2
0
1
1
2
pmz
0.5
0.5
0.5
1
2
1
1
pmab
0.5
0.5
0.125
0.25
2
1
2
pmbb
1
1
0.25
0.5
1
2
1
pmcb
0.25
1
0.25
0.25
1
1
2
pmdb
4
0.5
0.5
0
1
0
1
pmeb
1
0.5
4
0
0.5
2
1
None
-1
-1
-1
-1
-1
-1
-1
None
-1
-1
-1
-1
-1
-1
-1
None
-1
-1
-1
-1
-1
-1
-1
None
-1
-1
-1
-1
-1
-1
-1
None
-1
-1
-1
-1
-1
-1
-1
None
-1
-1
-1
-1
-1
-1
-1
None
-1
-1
-1
-1
-1
-1
-1
None
-1
-1
-1
-1
-1
-1
-1
None
-1
-1
-1
-1
-1
-1
-1
None
-1
-1
-1
-1
-1
-1
-1
10
pme
pmh
pmk
pml
pmn
pms
pmv
pmy
pmz
pmeb
14
pmc
pme
pmf
pmj
pml
pmm
pmp
pmq
pmt
pmx
pmz
pmab
pmbb
pmdb
12
pmb
pmg
pml
pmm
pmn
pmo
pms
pmu
pmz
pmab
pmbb
pmcb
15
pmc
pmd
pmf
pmg
pmh
pmn
pmo
pmq
pmr
pmu
pmv
pmw
pmbb
pmcb
pmeb
10
pmb
pme
pmh
pmi
pmp
pms
pmt
pmv
pmw
pmdb
16
pmb
pmc
pmd
pmg
pmi
pmj
pmk
pmm
pmp
pmq
pmr
pmu
pmx
pmy
pmdb
pmeb
13
pmd
pmf
pmi
pmj
pmk
pmo
pmr
pmt
pmw
pmx
pmy
pmab
pmcb
29
0
0
0
0
0
0
0
0
0
0
0
0
0
0
0
0
0
0
0
0
0
0
0
0
0
0
0
0
0
0
1
1
1
1
1
1
1
1
1
1
1
1
1
1
1
1
1
1
1
1
1
1
1
1
1
1
1
1
1
1
1
1
1
1
1
1
1
1
1
1
1
1
1
1
1
1
1
1
1
1
1
1
1
1
1
1
1
1
1
1
1
1
1
1
1
1
1
1
1
1
1
1
1
1
1
1
1
1
1
1
1
1
1
1
1
1
1
1
1
1
1
1
1
1
1
1
1
1
1
1
1
1
1
1
1
1
1
1
1
1
1
1
1
1
1
1
1
1
1
1
1
1
1
1
1
1
1
1
1
1
1
1
1
1
1
1
1
1
1
1
1
1
1
1
1
1
1
1
1
1
1
1
1
1
1
1
1
1
1
1
1
1
1
1
1
1
1
1
1
1
1
1
1
1
1
1
1
1
1
1
1
1
1
1
1
1
1
1
1
1
1
1
1
1
1
1
1
1
1
1
1
1
1
1
1
1
1
1
1
1
1
1
1
1
1
1
1
1
1
1
1
1
1
1
1
1
1
1
1
1
1
1
1
1
1
1
1
1
1
1
1
1
1
1
1
1
1
1
1
1
1
1
1
1
1
1
1
1
1
1
1
1
1
1
1
1
1
1
1
1
1
1
1
1
1
1
1
1
1
1
1
1
1
1
1
1
1
1
1
1
1
1
1
1
1
1
1
1
1
1
1
1
1
1
1
1
1
1
1
1
1
1
1
1
1
1
1
1
1
1
1
1
1
1
1
1
1
1
1
1
1
1
1
1
1
1
1
1
1
1
1
1
1
1
1
1
1
1
1
1
1
1
1
1
1
1
1
1
1
1
1
1
1
1
1
1
1
1
1
1
pmb
pmc
pmd
pme
pmf
pmg
pmh
pmi
pmj
pmk
pml
pmm
pmn
pmo
pmp
pmq
pmr
pms
pmt
pmu
pmv
pmw
pmx
pmy
pmz
pmab
pmbb
pmcb
pmdb
pmeb
pmfb
pmgb
pmhb
pmib
pmjb
pmkb
pmlb
pmmb
pmnb
pmob
pmpb
pmqb
pmrb
pmsb
pmtb
pmub
pmvb
pmwb
pmxb
pmyb
pmzb
pmac
pmbc
pmcc
pmdc
pmec
pmfc
pmgc
pmhc
pmic
pmjc
pmkc
pmlc
pmmc
pmnc
pmoc
pmpc
pmqc
pmrc
pmsc
pmtc
pmuc
pmvc
pmwc
pmxc
pmyc
pmzc
pmad
pmbd
pmcd
pmdd
pmed
pmfd
pmgd
pmhd
pmid
pmjd
pmkd
pmld
pmmd
pmnd
pmod
pmpd
pmqd
pmrd
pmsd
pmtd
pmud
pmvd
pmwd
pmxd
pmyd
pmzd
pmae
pmbe
pmce
pmde
pmee
pmfe
pmge
pmhe
pmie
pmje
pmke
pmle
pmme
pmne
pmoe
pmpe
pmqe
pmre
pmse
pmte
pmue
pmve
pmwe
pmxe
pmye
pmze
pmaf
pmbf
pmcf
pmdf
pmef
pmff
pmgf
pmhf
pmif
pmjf
pmkf
pmlf
pmmf
pmnf
pmof
pmpf
pmqf
pmrf
pmsf
pmtf
pmuf
pmvf
pmwf
pmxf
pmyf
pmzf
pmag
pmbg
pmcg
pmdg
pmeg
pmfg
pmgg
pmhg
pmig
pmjg
pmkg
pmlg
pmmg
pmng
pmog
pmpg
pmqg
pmrg
pmsg
pmtg
pmug
pmvg
pmwg
pmxg
pmyg
pmzg
pmah
pmbh
pmch
pmdh
pmeh
pmfh
pmgh
pmhh
pmih
pmjh
pmkh
pmlh
pmmh
pmnh
pmoh
pmph
pmqh
pmrh
pmsh
pmth
pmuh
pmvh
pmwh
pmxh
pmyh
pmzh
pmai
pmbi
pmci
pmdi
pmei
pmfi
pmgi
pmhi
pmii
pmji
pmki
pmli
pmmi
pmni
pmoi
pmpi
pmqi
pmri
pmsi
pmti
pmui
pmvi
pmwi
pmxi
pmyi
pmzi
pmaj
pmbj
pmcj
pmdj
pmej
pmfj
pmgj
pmhj
pmij
pmjj
pmkj
pmlj
pmmj
pmnj
pmoj
pmpj
pmqj
pmrj
pmsj
pmtj
pmuj
pmvj
pmwj
pmxj
pmyj
pmzj
pmak
pmbk
pmck
pmdk
pmek
pmfk
pmgk
pmhk
pmik
pmjk
pmkk
pmlk
pmmk
pmnk
pmok
pmpk
pmqk
pmrk
pmsk
pmtk
pmuk
pmvk
pmwk
pmxk
pmyk
pmzk
pmal
pmbl
pmcl
pmdl
pmel
pmfl
pmgl
pmhl
pmil
pmjl
pmkl
pmll
pmml
pmnl
pmol
pmpl
pmql
pmrl
pmsl
pmtl
pmul
pmvl
pmwl
pmxl
pmyl
pmzl
pmam
pmbm
pmcm
pmdm
pmem
pmfm
pmgm
pmhm
pmim
pmjm
pmkm
pmlm
pmmm
pmnm
pmom
pmpm
pmqm
pmrm
pmsm
pmtm
pmum
pmvm
pmwm
pmxm
pmym
pmzm
pman
pmbn
pmcn
pmdn
pmen
pmfn
pmgn
pmhn
pmin
pmjn
pmkn
pmln
pmmn
pmnn
pmon
pmpn
pmqn
pmrn
pmsn
pmtn
pmun
pmvn
pmwn
pmxn
pmyn
pmzn
pmao
pmbo
pmco
pmdo
pmeo
pmfo
pmgo
pmho
pmio
pmjo
pmko
pmlo
pmmo
pmno
pmoo
pmpo
pmqo
pmro
pmso
pmto
pmuo
pmvo
pmwo
pmxo
pmyo
pmzo
pmap
pmbp
pmcp
pmdp
pmep
pmfp
pmgp
pmhp
pmip
pmjp
pmkp
1
1
1
1
1
1
1
1
1
1
1
1
1
1
1
1
1
1
1
1
1
1
1
1
1
1
1
1
1
1
1
1
1
1
1
1
1
1
1
1
1
1
1
1
1
1
1
1
1
1
1
1
1
1
1
1
1
1
1
1
1
1
1
1
1
1
1
1
1
1
1
1
1
1
1
1
1
1
1
1
1
1
1
1
1
1
1
1
1
1
1
1
1
1
1
1
1
1
1
1
pmb
1
2
0.5
0
2
0
1
pmc
4
0.5
1
0
0.5
4
1
pmd
1
0.5
1
0
0.5
2
2
pme
1
0.25
0.5
4
1
0
1
pmf
1
0.25
0.25
0.5
0.5
4
2
pmg
1
2
1
0
1
1
1
pmh
0.5
0.5
1
4
0.5
0
1
pmi
1
0.5
0.5
0
1
0
2
pmj
2
0.25
0.5
0
1
2
2
pmk
0.5
0.25
2
0
1
1
2
pml
0.5
0.5
0.5
1
2
1
1
pmm
2
1
0.5
0
2
1
1
pmn
0.25
1
1
1
1
1
1
pmo
0.25
1
0.25
0.25
1
1
2
pmp
4
0.5
0.5
0
1
0
1
pmq
4
0.5
1
0
0.5
4
1
pmr
1
0.5
1
0
0.5
2
2
pms
0.25
1
0.5
2
2
0
1
pmt
1
0.25
0.125
1
1
0
2
pmu
1
2
1
0
1
1
1
pmv
0.5
0.5
1
4
0.5
0
1
pmw
0.5
0.5
0.25
1
0.5
0
2
pmx
2
0.25
0.5
0
1
2
2
pmy
0.5
0.25
2
0
1
1
2
pmz
0.5
0.5
0.5
1
2
1
1
pmab
0.5
0.5
0.125
0.25
2
1
2
pmbb
1
1
0.25
0.5
1
2
1
pmcb
0.25
1
0.25
0.25
1
1
2
pmdb
4
0.5
0.5
0
1
0
1
pmeb
1
0.5
4
0
0.5
2
1
pmfb
0.5
1
0.5
0
2
0.5
2
pmgb
0.25
1
0.5
2
2
0
1
pmhb
1
0.25
0.125
1
1
0
2
pmib
1
2
1
0
1
1
1
pmjb
1
0.5
4
0
0.5
2
1
pmkb
0.5
0.5
0.25
1
0.5
0
2
pmlb
2
0.25
0.5
0
1
2
2
pmmb
0.25
0.25
0.5
2
1
0
2
pmnb
0.125
0.5
0.5
0.5
2
0.5
2
pmob
0.5
0.5
0.125
0.25
2
1
2
pmpb
1
1
0.25
0.5
1
2
1
pmqb
0.25
1
1
1
1
1
1
pmrb
1
2
0.5
0
2
0
1
pmsb
1
0.5
4
0
0.5
2
1
pmtb
0.5
1
0.5
0
2
0.5
2
pmub
1
0.25
0.5
4
1
0
1
pmvb
1
0.25
0.25
0.5
0.5
4
2
pmwb
1
2
1
0
1
1
1
pmxb
1
0.5
4
0
0.5
2
1
pmyb
1
0.5
0.5
0
1
0
2
pmzb
2
0.25
0.5
0
1
2
2
pmac
0.25
0.25
0.5
2
1
0
2
pmbc
0.125
0.5
0.5
0.5
2
0.5
2
pmcc
2
1
0.5
0
2
1
1
pmdc
0.25
1
1
1
1
1
1
pmec
0.25
1
1
1
1
1
1
pmfc
1
2
0.5
0
2
0
1
pmgc
4
0.5
1
0
0.5
4
1
pmhc
1
0.5
1
0
0.5
2
2
pmic
1
0.25
0.5
4
1
0
1
pmjc
1
0.25
0.25
0.5
0.5
4
2
pmkc
1
2
1
0
1
1
1
pmlc
0.5
0.5
1
4
0.5
0
1
pmmc
1
0.5
0.5
0
1
0
2
pmnc
2
0.25
0.5
0
1
2
2
pmoc
0.5
0.25
2
0
1
1
2
pmpc
0.5
0.5
0.5
1
2
1
1
pmqc
2
1
0.5
0
2
1
1
pmrc
0.25
1
1
1
1
1
1
pmsc
0.25
1
0.25
0.25
1
1
2
pmtc
4
0.5
0.5
0
1
0
1
pmuc
4
0.5
1
0
0.5
4
1
pmvc
1
0.5
1
0
0.5
2
2
pmwc
0.25
1
0.5
2
2
0
1
pmxc
1
0.25
0.125
1
1
0
2
pmyc
1
2
1
0
1
1
1
pmzc
0.5
0.5
1
4
0.5
0
1
pmad
0.5
0.5
0.25
1
0.5
0
2
pmbd
2
0.25
0.5
0
1
2
2
pmcd
0.5
0.25
2
0
1
1
2
pmdd
0.5
0.5
0.5
1
2
1
1
pmed
0.5
0.5
0.125
0.25
2
1
2
pmfd
1
1
0.25
0.5
1
2
1
pmgd
0.25
1
0.25
0.25
1
1
2
pmhd
4
0.5
0.5
0
1
0
1
pmid
1
0.5
4
0
0.5
2
1
pmjd
0.5
1
0.5
0
2
0.5
2
pmkd
0.25
1
0.5
2
2
0
1
pmld
1
0.25
0.125
1
1
0
2
pmmd
1
2
1
0
1
1
1
pmnd
1
0.5
4
0
0.5
2
1
pmod
0.5
0.5
0.25
1
0.5
0
2
pmpd
2
0.25
0.5
0
1
2
2
pmqd
0.25
0.25
0.5
2
1
0
2
pmrd
0.125
0.5
0.5
0.5
2
0.5
2
pmsd
0.5
0.5
0.125
0.25
2
1
2
pmtd
1
1
0.25
0.5
1
2
1
pmud
0.25
1
1
1
1
1
1
pmvd
1
2
0.5
0
2
0
1
pmwd
1
0.5
4
0
0.5
2
1
pmxd
0.5
1
0.5
0
2
0.5
2
pmyd
1
0.25
0.5
4
1
0
1
pmzd
1
0.25
0.25
0.5
0.5
4
2
pmae
1
2
1
0
1
1
1
pmbe
1
0.5
4
0
0.5
2
1
pmce
1
0.5
0.5
0
1
0
2
pmde
2
0.25
0.5
0
1
2
2
pmee
0.25
0.25
0.5
2
1
0
2
pmfe
0.125
0.5
0.5
0.5
2
0.5
2
pmge
2
1
0.5
0
2
1
1
pmhe
0.25
1
1
1
1
1
1
pmie
0.25
1
1
1
1
1
1
pmje
1
2
0.5
0
2
0
1
pmke
4
0.5
1
0
0.5
4
1
pmle
1
0.5
1
0
0.5
2
2
pmme
1
0.25
0.5
4
1
0
1
pmne
1
0.25
0.25
0.5
0.5
4
2
pmoe
1
2
1
0
1
1
1
pmpe
0.5
0.5
1
4
0.5
0
1
pmqe
1
0.5
0.5
0
1
0
2
pmre
2
0.25
0.5
0
1
2
2
pmse
0.5
0.25
2
0
1
1
2
pmte
0.5
0.5
0.5
1
2
1
1
pmue
2
1
0.5
0
2
1
1
pmve
0.25
1
1
1
1
1
1
pmwe
0.25
1
0.25
0.25
1
1
2
pmxe
4
0.5
0.5
0
1
0
1
pmye
2
1
1
0
0.5
0
1
pmze
0.5
0.25
2
0
1
1
2
pmaf
1
0.5
2
0
1
0
1
pmbf
0.5
0.125
0.5
1
1
2
2
pmcf
0.5
1
0.5
0
2
0.5
2
pmdf
1
0.25
1
2
0.5
4
1
pmef
0.25
0.25
0.5
2
1
0
2
pmff
2
1
0.5
0
2
1
1
pmgf
0.5
0.125
0.5
1
1
2
2
pmhf
0.25
1
1
1
1
1
1
pmif
1
1
0.25
0.5
1
2
1
pmjf
0.5
2
0.25
1
1
0
1
pmkf
0.5
2
0.25
1
1
0
1
pmlf
1
0.5
0.5
0
1
0
2
pmmf
2
1
1
0
0.5
0
1
pmnf
0.5
0.25
2
0
1
1
2
pmof
1
0.5
2
0
1
0
1
pmpf
0.5
0.125
0.5
1
1
2
2
pmqf
0.5
1
0.5
0
2
0.5
2
pmrf
1
0.25
1
2
0.5
4
1
pmsf
0.25
0.25
0.5
2
1
0
2
pmtf
2
1
0.5
0
2
1
1
pmuf
0.5
0.125
0.5
1
1
2
2
pmvf
0.25
1
1
1
1
1
1
pmwf
1
1
0.25
0.5
1
2
1
pmxf
0.5
2
0.25
1
1
0
1
pmyf
0.5
2
0.25
1
1
0
1
pmzf
1
0.5
0.5
0
1
0
2
pmag
2
1
1
0
0.5
0
1
pmbg
0.5
0.25
2
0
1
1
2
pmcg
1
0.5
2
0
1
0
1
pmdg
0.5
0.125
0.5
1
1
2
2
pmeg
0.5
1
0.5
0
2
0.5
2
pmfg
1
0.25
1
2
0.5
4
1
pmgg
0.25
0.25
0.5
2
1
0
2
pmhg
2
1
0.5
0
2
1
1
pmig
0.5
0.125
0.5
1
1
2
2
pmjg
0.25
1
1
1
1
1
1
pmkg
1
1
0.25
0.5
1
2
1
pmlg
0.5
2
0.25
1
1
0
1
pmmg
0.5
2
0.25
1
1
0
1
pmng
1
0.5
0.5
0
1
0
2
pmog
2
1
1
0
0.5
0
1
pmpg
0.5
0.25
2
0
1
1
2
pmqg
1
0.5
2
0
1
0
1
pmrg
0.5
0.125
0.5
1
1
2
2
pmsg
0.5
1
0.5
0
2
0.5
2
pmtg
1
0.25
1
2
0.5
4
1
pmug
0.25
0.25
0.5
2
1
0
2
pmvg
2
1
0.5
0
2
1
1
pmwg
0.5
0.125
0.5
1
1
2
2
pmxg
0.25
1
1
1
1
1
1
pmyg
1
1
0.25
0.5
1
2
1
pmzg
0.5
2
0.25
1
1
0
1
pmah
0.5
2
0.25
1
1
0
1
pmbh
1
0.5
0.5
0
1
0
2
pmch
2
1
1
0
0.5
0
1
pmdh
0.5
0.25
2
0
1
1
2
pmeh
1
0.5
2
0
1
0
1
pmfh
0.5
0.125
0.5
1
1
2
2
pmgh
0.5
1
0.5
0
2
0.5
2
pmhh
1
0.25
1
2
0.5
4
1
pmih
0.25
0.25
0.5
2
1
0
2
pmjh
2
1
0.5
0
2
1
1
pmkh
0.5
0.125
0.5
1
1
2
2
pmlh
0.25
1
1
1
1
1
1
pmmh
1
1
0.25
0.5
1
2
1
pmnh
0.5
2
0.25
1
1
0
1
pmoh
0.5
2
0.25
1
1
0
1
pmph
1
0.5
0.5
0
1
0
2
pmqh
2
1
1
0
0.5
0
1
pmrh
0.5
0.25
2
0
1
1
2
pmsh
1
0.5
2
0
1
0
1
pmth
0.5
0.125
0.5
1
1
2
2
pmuh
0.5
1
0.5
0
2
0.5
2
pmvh
1
0.25
1
2
0.5
4
1
pmwh
0.25
0.25
0.5
2
1
0
2
pmxh
2
1
0.5
0
2
1
1
pmyh
0.5
0.125
0.5
1
1
2
2
pmzh
0.25
1
1
1
1
1
1
pmai
1
1
0.25
0.5
1
2
1
pmbi
0.5
2
0.25
1
1
0
1
pmci
0.5
2
0.25
1
1
0
1
pmdi
1
0.5
0.5
0
1
0
2
pmei
2
1
1
0
0.5
0
1
pmfi
0.5
0.25
2
0
1
1
2
pmgi
1
0.5
2
0
1
0
1
pmhi
0.5
0.125
0.5
1
1
2
2
pmii
0.5
1
0.5
0
2
0.5
2
pmji
1
0.25
1
2
0.5
4
1
pmki
0.25
0.25
0.5
2
1
0
2
pmli
2
1
0.5
0
2
1
1
pmmi
0.5
0.125
0.5
1
1
2
2
pmni
0.25
1
1
1
1
1
1
pmoi
1
1
0.25
0.5
1
2
1
pmpi
0.5
2
0.25
1
1
0
1
pmqi
0.5
2
0.25
1
1
0
1
pmri
1
0.5
0.5
0
1
0
2
pmsi
2
1
1
0
0.5
0
1
pmti
0.5
0.25
2
0
1
1
2
pmui
1
0.5
2
0
1
0
1
pmvi
0.5
0.125
0.5
1
1
2
2
pmwi
0.5
1
0.5
0
2
0.5
2
pmxi
1
0.25
1
2
0.5
4
1
pmyi
0.25
0.25
0.5
2
1
0
2
pmzi
2
1
0.5
0
2
1
1
pmaj
0.5
0.125
0.5
1
1
2
2
pmbj
0.25
1
1
1
1
1
1
pmcj
1
1
0.25
0.5
1
2
1
pmdj
0.5
2
0.25
1
1
0
1
pmej
0.5
2
0.25
1
1
0
1
pmfj
1
0.5
0.5
0
1
0
2
pmgj
2
1
1
0
0.5
0
1
pmhj
0.5
0.25
2
0
1
1
2
pmij
1
0.5
2
0
1
0
1
pmjj
0.5
0.125
0.5
1
1
2
2
pmkj
0.5
1
0.5
0
2
0.5
2
pmlj
1
0.25
1
2
0.5
4
1
pmmj
0.25
0.25
0.5
2
1
0
2
pmnj
2
1
0.5
0
2
1
1
pmoj
0.5
0.125
0.5
1
1
2
2
pmpj
0.25
1
1
1
1
1
1
pmqj
1
1
0.25
0.5
1
2
1
pmrj
0.5
2
0.25
1
1
0
1
pmsj
0.5
2
0.25
1
1
0
1
pmtj
1
0.5
0.5
0
1
0
2
pmuj
2
1
1
0
0.5
0
1
pmvj
0.5
0.25
2
0
1
1
2
pmwj
1
1
0.125
1
2
0
1
pmxj
0.25
1
0.125
0.5
2
0
2
pmyj
2
1
1
0
0.5
0
1
pmzj
1
0.5
2
0
1
0
1
pmak
1
0.5
1
0
0.5
2
2
pmbk
2
0.25
0.5
0
1
2
2
pmck
1
0.25
0.5
4
1
0
1
pmdk
0.5
0.5
0.125
0.25
2
1
2
pmek
0.5
0.5
0.125
0.25
2
1
2
pmfk
2
0.5
0.25
2
0.5
0
1
pmgk
0.25
1
0.5
2
2
0
1
pmhk
1
2
0.5
0
2
0
1
pmik
0.25
0.25
1
1
0.5
2
2
pmjk
0.5
1
2
0
2
0.5
1
pmkk
1
1
0.125
1
2
0
1
pmlk
0.25
1
0.25
0.25
1
1
2
pmmk
2
1
1
0
0.5
0
1
pmnk
1
0.5
2
0
1
0
1
pmok
1
0.5
0.5
0
1
0
2
pmpk
0.5
0.125
0.5
1
1
2
2
pmqk
1
0.25
0.5
4
1
0
1
pmrk
0.5
0.5
0.125
0.25
2
1
2
pmsk
2
1
0.5
0
2
1
1
pmtk
0.5
0.5
1
4
0.5
0
1
pmuk
0.25
1
0.5
2
2
0
1
pmvk
1
2
0.5
0
2
0
1
pmwk
1
0.25
0.25
0.5
0.5
4
2
pmxk
1
0.5
4
0
0.5
2
1
pmyk
1
1
0.125
1
2
0
1
pmzk
0.25
1
0.25
0.25
1
1
2
pmal
1
2
1
0
1
1
1
pmbl
1
0.5
2
0
1
0
1
pmcl
1
0.5
0.5
0
1
0
2
pmdl
0.5
0.125
0.5
1
1
2
2
pmel
2
0.25
2
0
1
2
1
pmfl
0.5
0.5
0.5
1
2
1
1
pmgl
2
1
0.5
0
2
1
1
pmhl
0.5
0.5
1
4
0.5
0
1
pmil
0.25
1
0.125
0.5
2
0
2
pmjl
4
0.5
0.5
0
1
0
1
pmkl
1
0.25
0.25
0.5
0.5
4
2
pmll
1
0.5
4
0
0.5
2
1
pmml
1
1
0.125
1
2
0
1
pmnl
0.25
1
0.125
0.5
2
0
2
pmol
1
2
1
0
1
1
1
None
-1
-1
-1
-1
-1
-1
-1
None
-1
-1
-1
-1
-1
-1
-1
None
-1
-1
-1
-1
-1
-1
-1
None
-1
-1
-1
-1
-1
-1
-1
None
-1
-1
-1
-1
-1
-1
-1
None
-1
-1
-1
-1
-1
-1
-1
None
-1
-1
-1
-1
-1
-1
-1
None
-1
-1
-1
-1
-1
-1
-1
None
-1
-1
-1
-1
-1
-1
-1
None
-1
-1
-1
-1
-1
-1
-1
None
-1
-1
-1
-1
-1
-1
-1
None
-1
-1
-1
-1
-1
-1
-1
None
-1
-1
-1
-1
-1
-1
-1
None
-1
-1
-1
-1
-1
-1
-1
None
-1
-1
-1
-1
-1
-1
-1
None
-1
-1
-1
-1
-1
-1
-1
None
-1
-1
-1
-1
-1
-1
-1
None
-1
-1
-1
-1
-1
-1
-1
None
-1
-1
-1
-1
-1
-1
-1
None
-1
-1
-1
-1
-1
-1
-1
None
-1
-1
-1
-1
-1
-1
-1
None
-1
-1
-1
-1
-1
-1
-1
None
-1
-1
-1
-1
-1
-1
-1
None
-1
-1
-1
-1
-1
-1
-1
None
-1
-1
-1
-1
-1
-1
-1
None
-1
-1
-1
-1
-1
-1
-1
None
-1
-1
-1
-1
-1
-1
-1
None
-1
-1
-1
-1
-1
-1
-1
None
-1
-1
-1
-1
-1
-1
-1
None
-1
-1
-1
-1
-1
-1
-1
None
-1
-1
-1
-1
-1
-1
-1
None
-1
-1
-1
-1
-1
-1
-1
None
-1
-1
-1
-1
-1
-1
-1
None
-1
-1
-1
-1
-1
-1
-1
None
-1
-1
-1
-1
-1
-1
-1
None
-1
-1
-1
-1
-1
-1
-1
None
-1
-1
-1
-1
-1
-1
-1
None
-1
-1
-1
-1
-1
-1
-1
None
-1
-1
-1
-1
-1
-1
-1
None
-1
-1
-1
-1
-1
-1
-1
None
-1
-1
-1
-1
-1
-1
-1
None
-1
-1
-1
-1
-1
-1
-1
None
-1
-1
-1
-1
-1
-1
-1
None
-1
-1
-1
-1
-1
-1
-1
None
-1
-1
-1
-1
-1
-1
-1
None
-1
-1
-1
-1
-1
-1
-1
None
-1
-1
-1
-1
-1
-1
-1
None
-1
-1
-1
-1
-1
-1
-1
None
-1
-1
-1
-1
-1
-1
-1
None
-1
-1
-1
-1
-1
-1
-1
None
-1
-1
-1
-1
-1
-1
-1
None
-1
-1
-1
-1
-1
-1
-1
None
-1
-1
-1
-1
-1
-1
-1
None
-1
-1
-1
-1
-1
-1
-1
None
-1
-1
-1
-1
-1
-1
-1
None
-1
-1
-1
-1
-1
-1
-1
None
-1
-1
-1
-1
-1
-1
-1
None
-1
-1
-1
-1
-1
-1
-1
None
-1
-1
-1
-1
-1
-1
-1
None
-1
-1
-1
-1
-1
-1
-1
None
-1
-1
-1
-1
-1
-1
-1
None
-1
-1
-1
-1
-1
-1
-1
None
-1
-1
-1
-1
-1
-1
-1
None
-1
-1
-1
-1
-1
-1
-1
None
-1
-1
-1
-1
-1
-1
-1
None
-1
-1
-1
-1
-1
-1
-1
None
-1
-1
-1
-1
-1
-1
-1
None
-1
-1
-1
-1
-1
-1
-1
None
-1
-1
-1
-1
-1
-1
-1
None
-1
-1
-1
-1
-1
-1
-1
None
-1
-1
-1
-1
-1
-1
-1
None
-1
-1
-1
-1
-1
-1
-1
None
-1
-1
-1
-1
-1
-1
-1
None
-1
-1
-1
-1
-1
-1
-1
None
-1
-1
-1
-1
-1
-1
-1
None
-1
-1
-1
-1
-1
-1
-1
None
-1
-1
-1
-1
-1
-1
-1
None
-1
-1
-1
-1
-1
-1
-1
None
-1
-1
-1
-1
-1
-1
-1
None
-1
-1
-1
-1
-1
-1
-1
None
-1
-1
-1
-1
-1
-1
-1
None
-1
-1
-1
-1
-1
-1
-1
None
-1
-1
-1
-1
-1
-1
-1
None
-1
-1
-1
-1
-1
-1
-1
None
-1
-1
-1
-1
-1
-1
-1
None
-1
-1
-1
-1
-1
-1
-1
None
-1
-1
-1
-1
-1
-1
-1
None
-1
-1
-1
-1
-1
-1
-1
None
-1
-1
-1
-1
-1
-1
-1
None
-1
-1
-1
-1
-1
-1
-1
None
-1
-1
-1
-1
-1
-1
-1
None
-1
-1
-1
-1
-1
-1
-1
None
-1
-1
-1
-1
-1
-1
-1
None
-1
-1
-1
-1
-1
-1
-1
None
-1
-1
-1
-1
-1
-1
-1
None
-1
-1
-1
-1
-1
-1
-1
None
-1
-1
-1
-1
-1
-1
-1
None
-1
-1
-1
-1
-1
-1
-1
None
-1
-1
-1
-1
-1
-1
-1
None
-1
-1
-1
-1
-1
-1
-1
130
pme
pmh
pmk
pml
pmn
pms
pmv
pmy
pmz
pmeb
pmgb
pmjb
pmmb
pmnb
pmqb
pmsb
pmub
pmxb
pmac
pmbc
pmdc
pmec
pmic
pmlc
pmoc
pmpc
pmrc
pmwc
pmzc
pmcd
pmdd
pmid
pmkd
pmnd
pmqd
pmrd
pmud
pmwd
pmyd
pmbe
pmee
pmfe
pmhe
pmie
pmme
pmpe
pmse
pmte
pmve
pmze
pmaf
pmbf
pmdf
pmef
pmgf
pmhf
pmnf
pmof
pmpf
pmrf
pmsf
pmuf
pmvf
pmbg
pmcg
pmdg
pmfg
pmgg
pmig
pmjg
pmpg
pmqg
pmrg
pmtg
pmug
pmwg
pmxg
pmdh
pmeh
pmfh
pmhh
pmih
pmkh
pmlh
pmrh
pmsh
pmth
pmvh
pmwh
pmyh
pmzh
pmfi
pmgi
pmhi
pmji
pmki
pmmi
pmni
pmti
pmui
pmvi
pmxi
pmyi
pmaj
pmbj
pmhj
pmij
pmjj
pmlj
pmmj
pmoj
pmpj
pmvj
pmzj
pmck
pmgk
pmik
pmjk
pmnk
pmpk
pmqk
pmtk
pmuk
pmxk
pmbl
pmdl
pmel
pmfl
pmhl
pmll
116
pmc
pme
pmf
pmj
pml
pmm
pmp
pmq
pmt
pmx
pmz
pmab
pmbb
pmdb
pmhb
pmlb
pmob
pmpb
pmub
pmvb
pmzb
pmcc
pmgc
pmic
pmjc
pmnc
pmpc
pmqc
pmtc
pmuc
pmxc
pmbd
pmdd
pmed
pmfd
pmhd
pmld
pmpd
pmsd
pmtd
pmyd
pmzd
pmde
pmge
pmke
pmme
pmne
pmre
pmte
pmue
pmxe
pmbf
pmdf
pmff
pmgf
pmif
pmpf
pmrf
pmtf
pmuf
pmwf
pmdg
pmfg
pmhg
pmig
pmkg
pmrg
pmtg
pmvg
pmwg
pmyg
pmfh
pmhh
pmjh
pmkh
pmmh
pmth
pmvh
pmxh
pmyh
pmai
pmhi
pmji
pmli
pmmi
pmoi
pmvi
pmxi
pmzi
pmaj
pmcj
pmjj
pmlj
pmnj
pmoj
pmqj
pmwj
pmbk
pmck
pmdk
pmek
pmfk
pmkk
pmpk
pmqk
pmrk
pmsk
pmwk
pmyk
pmdl
pmel
pmfl
pmgl
pmjl
pmkl
pmml
134
pmb
pmg
pml
pmm
pmn
pmo
pms
pmu
pmz
pmab
pmbb
pmcb
pmfb
pmgb
pmib
pmnb
pmob
pmpb
pmqb
pmrb
pmtb
pmwb
pmbc
pmcc
pmdc
pmec
pmfc
pmkc
pmpc
pmqc
pmrc
pmsc
pmwc
pmyc
pmdd
pmed
pmfd
pmgd
pmjd
pmkd
pmmd
pmrd
pmsd
pmtd
pmud
pmvd
pmxd
pmae
pmfe
pmge
pmhe
pmie
pmje
pmoe
pmte
pmue
pmve
pmwe
pmcf
pmff
pmhf
pmif
pmjf
pmkf
pmqf
pmtf
pmvf
pmwf
pmxf
pmyf
pmeg
pmhg
pmjg
pmkg
pmlg
pmmg
pmsg
pmvg
pmxg
pmyg
pmzg
pmah
pmgh
pmjh
pmlh
pmmh
pmnh
pmoh
pmuh
pmxh
pmzh
pmai
pmbi
pmci
pmii
pmli
pmni
pmoi
pmpi
pmqi
pmwi
pmzi
pmbj
pmcj
pmdj
pmej
pmkj
pmnj
pmpj
pmqj
pmrj
pmsj
pmwj
pmxj
pmdk
pmek
pmgk
pmhk
pmjk
pmkk
pmlk
pmrk
pmsk
pmuk
pmvk
pmyk
pmzk
pmal
pmfl
pmgl
pmil
pmml
pmnl
pmol
129
pmc
pmd
pmf
pmg
pmh
pmn
pmo
pmq
pmr
pmu
pmv
pmw
pmbb
pmcb
pmeb
pmib
pmjb
pmkb
pmpb
pmqb
pmsb
pmvb
pmwb
pmxb
pmdc
pmec
pmgc
pmhc
pmjc
pmkc
pmlc
pmrc
pmsc
pmuc
pmvc
pmyc
pmzc
pmad
pmfd
pmgd
pmid
pmmd
pmnd
pmod
pmtd
pmud
pmwd
pmzd
pmae
pmbe
pmhe
pmie
pmke
pmle
pmne
pmoe
pmpe
pmve
pmwe
pmye
pmdf
pmhf
pmif
pmjf
pmkf
pmmf
pmrf
pmvf
pmwf
pmxf
pmyf
pmag
pmfg
pmjg
pmkg
pmlg
pmmg
pmog
pmtg
pmxg
pmyg
pmzg
pmah
pmch
pmhh
pmlh
pmmh
pmnh
pmoh
pmqh
pmvh
pmzh
pmai
pmbi
pmci
pmei
pmji
pmni
pmoi
pmpi
pmqi
pmsi
pmxi
pmbj
pmcj
pmdj
pmej
pmgj
pmlj
pmpj
pmqj
pmrj
pmsj
pmuj
pmyj
pmak
pmfk
pmik
pmlk
pmmk
pmtk
pmwk
pmxk
pmzk
pmal
pmhl
pmkl
pmll
pmol
120
pmb
pme
pmh
pmi
pmp
pms
pmt
pmv
pmw
pmdb
pmgb
pmhb
pmkb
pmmb
pmrb
pmub
pmyb
pmac
pmfc
pmic
pmlc
pmmc
pmtc
pmwc
pmxc
pmzc
pmad
pmhd
pmkd
pmld
pmod
pmqd
pmvd
pmyd
pmce
pmee
pmje
pmme
pmpe
pmqe
pmxe
pmye
pmaf
pmef
pmjf
pmkf
pmlf
pmmf
pmof
pmsf
pmxf
pmyf
pmzf
pmag
pmcg
pmgg
pmlg
pmmg
pmng
pmog
pmqg
pmug
pmzg
pmah
pmbh
pmch
pmeh
pmih
pmnh
pmoh
pmph
pmqh
pmsh
pmwh
pmbi
pmci
pmdi
pmei
pmgi
pmki
pmpi
pmqi
pmri
pmsi
pmui
pmyi
pmdj
pmej
pmfj
pmgj
pmij
pmmj
pmrj
pmsj
pmtj
pmuj
pmwj
pmxj
pmyj
pmzj
pmck
pmfk
pmgk
pmhk
pmkk
pmmk
pmnk
pmok
pmqk
pmtk
pmuk
pmvk
pmyk
pmbl
pmcl
pmhl
pmil
pmjl
pmml
pmnl
141
pmb
pmc
pmd
pmg
pmi
pmj
pmk
pmm
pmp
pmq
pmr
pmu
pmx
pmy
pmdb
pmeb
pmfb
pmib
pmjb
pmlb
pmrb
pmsb
pmtb
pmwb
pmxb
pmyb
pmzb
pmcc
pmfc
pmgc
pmhc
pmkc
pmmc
pmnc
pmoc
pmqc
pmtc
pmuc
pmvc
pmyc
pmbd
pmcd
pmhd
pmid
pmjd
pmmd
pmnd
pmpd
pmvd
pmwd
pmxd
pmae
pmbe
pmce
pmde
pmge
pmje
pmke
pmle
pmoe
pmqe
pmre
pmse
pmue
pmxe
pmye
pmze
pmaf
pmcf
pmff
pmlf
pmmf
pmnf
pmof
pmqf
pmtf
pmzf
pmag
pmbg
pmcg
pmeg
pmhg
pmng
pmog
pmpg
pmqg
pmsg
pmvg
pmbh
pmch
pmdh
pmeh
pmgh
pmjh
pmph
pmqh
pmrh
pmsh
pmuh
pmxh
pmdi
pmei
pmfi
pmgi
pmii
pmli
pmri
pmsi
pmti
pmui
pmwi
pmzi
pmfj
pmgj
pmhj
pmij
pmkj
pmnj
pmtj
pmuj
pmvj
pmyj
pmzj
pmak
pmbk
pmhk
pmjk
pmmk
pmnk
pmok
pmsk
pmvk
pmxk
pmal
pmbl
pmcl
pmel
pmgl
pmjl
pmll
pmol
130
pmd
pmf
pmi
pmj
pmk
pmo
pmr
pmt
pmw
pmx
pmy
pmab
pmcb
pmfb
pmhb
pmkb
pmlb
pmmb
pmnb
pmob
pmtb
pmvb
pmyb
pmzb
pmac
pmbc
pmhc
pmjc
pmmc
pmnc
pmoc
pmsc
pmvc
pmxc
pmad
pmbd
pmcd
pmed
pmgd
pmjd
pmld
pmod
pmpd
pmqd
pmrd
pmsd
pmxd
pmzd
pmce
pmde
pmee
pmfe
pmle
pmne
pmqe
pmre
pmse
pmwe
pmze
pmbf
pmcf
pmef
pmgf
pmlf
pmnf
pmpf
pmqf
pmsf
pmuf
pmzf
pmbg
pmdg
pmeg
pmgg
pmig
pmng
pmpg
pmrg
pmsg
pmug
pmwg
pmbh
pmdh
pmfh
pmgh
pmih
pmkh
pmph
pmrh
pmth
pmuh
pmwh
pmyh
pmdi
pmfi
pmhi
pmii
pmki
pmmi
pmri
pmti
pmvi
pmwi
pmyi
pmaj
pmfj
pmhj
pmjj
pmkj
pmmj
pmoj
pmtj
pmvj
pmxj
pmak
pmbk
pmdk
pmek
pmik
pmlk
pmok
pmpk
pmrk
pmwk
pmzk
pmcl
pmdl
pmil
pmkl
pmnl
282
